# JRE version: Java(TM) SE Runtime Environment (8.0_66-b17) (build 1.8.0_66-b17)
# Java VM: Java HotSpot(TM) 64-Bit Server VM (25.66-b17 mixed mode linux-amd64 compressed oops)
Heap:
 PSYoungGen      total 134656K, used 47641K [0x00000000d7100000, 0x00000000e0000000, 0x0000000100000000)
  eden space 125952K, 30% used [0x00000000d7100000,0x00000000d9709ef0,0x00000000dec00000)
  from space 8704K, 99% used [0x00000000df580000,0x00000000dfdfc698,0x00000000dfe00000)
  to   space 9728K, 0% used [0x00000000dec00000,0x00000000dec00000,0x00000000df580000)
 ParOldGen       total 84992K, used 7564K [0x0000000085200000, 0x000000008a500000, 0x00000000d7100000)
  object space 84992K, 8% used [0x0000000085200000,0x0000000085963048,0x000000008a500000)
 Metaspace       used 18160K, capacity 18808K, committed 19072K, reserved 1067008K
  class space    used 2125K, capacity 2349K, committed 2432K, reserved 1048576K
GC Heap History (10 events):
Event: 1,075 GC heap before
{Heap before GC invocations=2 (full 0):
 PSYoungGen      total 36864K, used 36332K [0x00000000d7100000, 0x00000000d9a00000, 0x0000000100000000)
  eden space 31744K, 100% used [0x00000000d7100000,0x00000000d9000000,0x00000000d9000000)
  from space 5120K, 89% used [0x00000000d9000000,0x00000000d947b028,0x00000000d9500000)
  to   space 5120K, 0% used [0x00000000d9500000,0x00000000d9500000,0x00000000d9a00000)
 ParOldGen       total 84992K, used 16K [0x0000000085200000, 0x000000008a500000, 0x00000000d7100000)
  object space 84992K, 0% used [0x0000000085200000,0x0000000085204000,0x000000008a500000)
 Metaspace       used 12925K, capacity 13190K, committed 13312K, reserved 1060864K
  class space    used 1592K, capacity 1689K, committed 1792K, reserved 1048576K
Event: 1,083 GC heap after
Heap after GC invocations=2 (full 0):
 PSYoungGen      total 36864K, used 5096K [0x00000000d7100000, 0x00000000db900000, 0x0000000100000000)
  eden space 31744K, 0% used [0x00000000d7100000,0x00000000d7100000,0x00000000d9000000)
  from space 5120K, 99% used [0x00000000d9500000,0x00000000d99fa270,0x00000000d9a00000)
  to   space 5120K, 0% used [0x00000000d9000000,0x00000000d9000000,0x00000000d9500000)
 ParOldGen       total 84992K, used 1977K [0x0000000085200000, 0x000000008a500000, 0x00000000d7100000)
  object space 84992K, 2% used [0x0000000085200000,0x00000000853ee490,0x000000008a500000)
 Metaspace       used 12925K, capacity 13190K, committed 13312K, reserved 1060864K
  class space    used 1592K, capacity 1689K, committed 1792K, reserved 1048576K
}
Event: 1,588 GC heap before
{Heap before GC invocations=3 (full 0):
 PSYoungGen      total 36864K, used 36840K [0x00000000d7100000, 0x00000000db900000, 0x0000000100000000)
  eden space 31744K, 100% used [0x00000000d7100000,0x00000000d9000000,0x00000000d9000000)
  from space 5120K, 99% used [0x00000000d9500000,0x00000000d99fa270,0x00000000d9a00000)
  to   space 5120K, 0% used [0x00000000d9000000,0x00000000d9000000,0x00000000d9500000)
 ParOldGen       total 84992K, used 1977K [0x0000000085200000, 0x000000008a500000, 0x00000000d7100000)
  object space 84992K, 2% used [0x0000000085200000,0x00000000853ee490,0x000000008a500000)
 Metaspace       used 13360K, capacity 13636K, committed 13824K, reserved 1060864K
  class space    used 1621K, capacity 1726K, committed 1792K, reserved 1048576K
Event: 1,595 GC heap after
Heap after GC invocations=3 (full 0):
 PSYoungGen      total 36864K, used 5104K [0x00000000d7100000, 0x00000000db900000, 0x0000000100000000)
  eden space 31744K, 0% used [0x00000000d7100000,0x00000000d7100000,0x00000000d9000000)
  from space 5120K, 99% used [0x00000000d9000000,0x00000000d94fc010,0x00000000d9500000)
  to   space 5120K, 0% used [0x00000000db400000,0x00000000db400000,0x00000000db900000)
 ParOldGen       total 84992K, used 3019K [0x0000000085200000, 0x000000008a500000, 0x00000000d7100000)
  object space 84992K, 3% used [0x0000000085200000,0x00000000854f2d68,0x000000008a500000)
 Metaspace       used 13360K, capacity 13636K, committed 13824K, reserved 1060864K
  class space    used 1621K, capacity 1726K, committed 1792K, reserved 1048576K
}
Event: 1,855 GC heap before
{Heap before GC invocations=4 (full 0):
 PSYoungGen      total 36864K, used 36848K [0x00000000d7100000, 0x00000000db900000, 0x0000000100000000)
  eden space 31744K, 100% used [0x00000000d7100000,0x00000000d9000000,0x00000000d9000000)
  from space 5120K, 99% used [0x00000000d9000000,0x00000000d94fc010,0x00000000d9500000)
  to   space 5120K, 0% used [0x00000000db400000,0x00000000db400000,0x00000000db900000)
 ParOldGen       total 84992K, used 3019K [0x0000000085200000, 0x000000008a500000, 0x00000000d7100000)
  object space 84992K, 3% used [0x0000000085200000,0x00000000854f2d68,0x000000008a500000)
 Metaspace       used 13463K, capacity 13794K, committed 14080K, reserved 1060864K
  class space    used 1624K, capacity 1731K, committed 1792K, reserved 1048576K
Event: 1,864 GC heap after
Heap after GC invocations=4 (full 0):
 PSYoungGen      total 68608K, used 5120K [0x00000000d7100000, 0x00000000db900000, 0x0000000100000000)
  eden space 63488K, 0% used [0x00000000d7100000,0x00000000d7100000,0x00000000daf00000)
  from space 5120K, 100% used [0x00000000db400000,0x00000000db900000,0x00000000db900000)
  to   space 5120K, 0% used [0x00000000daf00000,0x00000000daf00000,0x00000000db400000)
 ParOldGen       total 84992K, used 4387K [0x0000000085200000, 0x000000008a500000, 0x00000000d7100000)
  object space 84992K, 5% used [0x0000000085200000,0x0000000085648e08,0x000000008a500000)
 Metaspace       used 13463K, capacity 13794K, committed 14080K, reserved 1060864K
  class space    used 1624K, capacity 1731K, committed 1792K, reserved 1048576K
}
Event: 2,687 GC heap before
{Heap before GC invocations=5 (full 0):
 PSYoungGen      total 68608K, used 68608K [0x00000000d7100000, 0x00000000db900000, 0x0000000100000000)
  eden space 63488K, 100% used [0x00000000d7100000,0x00000000daf00000,0x00000000daf00000)
  from space 5120K, 100% used [0x00000000db400000,0x00000000db900000,0x00000000db900000)
  to   space 5120K, 0% used [0x00000000daf00000,0x00000000daf00000,0x00000000db400000)
 ParOldGen       total 84992K, used 4387K [0x0000000085200000, 0x000000008a500000, 0x00000000d7100000)
  object space 84992K, 5% used [0x0000000085200000,0x0000000085648e08,0x000000008a500000)
 Metaspace       used 14001K, capacity 14274K, committed 14336K, reserved 1062912K
  class space    used 1643K, capacity 1763K, committed 1792K, reserved 1048576K
Event: 2,703 GC heap after
Heap after GC invocations=5 (full 0):
 PSYoungGen      total 68608K, used 5104K [0x00000000d7100000, 0x00000000dfe00000, 0x0000000100000000)
  eden space 63488K, 0% used [0x00000000d7100000,0x00000000d7100000,0x00000000daf00000)
  from space 5120K, 99% used [0x00000000daf00000,0x00000000db3fc010,0x00000000db400000)
  to   space 8704K, 0% used [0x00000000df580000,0x00000000df580000,0x00000000dfe00000)
 ParOldGen       total 84992K, used 7149K [0x0000000085200000, 0x000000008a500000, 0x00000000d7100000)
  object space 84992K, 8% used [0x0000000085200000,0x00000000858fb560,0x000000008a500000)
 Metaspace       used 14001K, capacity 14274K, committed 14336K, reserved 1062912K
  class space    used 1643K, capacity 1763K, committed 1792K, reserved 1048576K
}
Event: 3,317 GC heap before
{Heap before GC invocations=6 (full 0):
 PSYoungGen      total 68608K, used 68592K [0x00000000d7100000, 0x00000000dfe00000, 0x0000000100000000)
  eden space 63488K, 100% used [0x00000000d7100000,0x00000000daf00000,0x00000000daf00000)
  from space 5120K, 99% used [0x00000000daf00000,0x00000000db3fc010,0x00000000db400000)
  to   space 8704K, 0% used [0x00000000df580000,0x00000000df580000,0x00000000dfe00000)
 ParOldGen       total 84992K, used 7149K [0x0000000085200000, 0x000000008a500000, 0x00000000d7100000)
  object space 84992K, 8% used [0x0000000085200000,0x00000000858fb560,0x000000008a500000)
 Metaspace       used 15562K, capacity 16084K, committed 16384K, reserved 1062912K
  class space    used 1798K, capacity 1981K, committed 2048K, reserved 1048576K
Event: 3,340 GC heap after
Heap after GC invocations=6 (full 0):
 PSYoungGen      total 134656K, used 8689K [0x00000000d7100000, 0x00000000e0000000, 0x0000000100000000)
  eden space 125952K, 0% used [0x00000000d7100000,0x00000000d7100000,0x00000000dec00000)
  from space 8704K, 99% used [0x00000000df580000,0x00000000dfdfc698,0x00000000dfe00000)
  to   space 9728K, 0% used [0x00000000dec00000,0x00000000dec00000,0x00000000df580000)
 ParOldGen       total 84992K, used 7564K [0x0000000085200000, 0x000000008a500000, 0x00000000d7100000)
  object space 84992K, 8% used [0x0000000085200000,0x0000000085963048,0x000000008a500000)
 Metaspace       used 15562K, capacity 16084K, committed 16384K, reserved 1062912K
  class space    used 1798K, capacity 1981K, committed 2048K, reserved 1048576K
}

